-------------------------------------------------------------------------------
Test set: com.MSPR.app.AppTest
-------------------------------------------------------------------------------
Tests run: 2, Failures: 1, Errors: 0, Skipped: 0, Time elapsed: 0.025 s <<< FAILURE! - in com.MSPR.app.AppTest
shouldFail(com.MSPR.app.AppTest)  Time elapsed: 0.003 s  <<< FAILURE!
java.lang.AssertionError
	at com.MSPR.app.AppTest.shouldFail(AppTest.java:26)

